Start testing: May 12 00:50 MSK
----------------------------------------------------------
1/27 Testing: ArrayBasic.DefaultConstructor
1/27 Test: ArrayBasic.DefaultConstructor
Command: "/mnt/c/Users/Redmi/It-Projects/lab02/lab_templates/build/array_tests" "--gtest_filter=ArrayBasic.DefaultConstructor" "--gtest_also_run_disabled_tests"
Directory: /mnt/c/Users/Redmi/It-Projects/lab02/lab_templates/build
"ArrayBasic.DefaultConstructor" start time: May 12 00:50 MSK
Output:
----------------------------------------------------------
Running main() from /mnt/c/Users/Redmi/It-Projects/lab02/lab_templates/build/_deps/googletest-src/googletest/src/gtest_main.cc
Note: Google Test filter = ArrayBasic.DefaultConstructor
[==========] Running 1 test from 1 test suite.
[----------] Global test environment set-up.
[----------] 1 test from ArrayBasic
[ RUN      ] ArrayBasic.DefaultConstructor
[       OK ] ArrayBasic.DefaultConstructor (0 ms)
[----------] 1 test from ArrayBasic (0 ms total)

[----------] Global test environment tear-down
[==========] 1 test from 1 test suite ran. (0 ms total)
[  PASSED  ] 1 test.
<end of output>
Test time =   0.02 sec
----------------------------------------------------------
Test Passed.
"ArrayBasic.DefaultConstructor" end time: May 12 00:50 MSK
"ArrayBasic.DefaultConstructor" time elapsed: 00:00:00
----------------------------------------------------------

2/27 Testing: ArrayBasic.SizeConstructor
2/27 Test: ArrayBasic.SizeConstructor
Command: "/mnt/c/Users/Redmi/It-Projects/lab02/lab_templates/build/array_tests" "--gtest_filter=ArrayBasic.SizeConstructor" "--gtest_also_run_disabled_tests"
Directory: /mnt/c/Users/Redmi/It-Projects/lab02/lab_templates/build
"ArrayBasic.SizeConstructor" start time: May 12 00:50 MSK
Output:
----------------------------------------------------------
Running main() from /mnt/c/Users/Redmi/It-Projects/lab02/lab_templates/build/_deps/googletest-src/googletest/src/gtest_main.cc
Note: Google Test filter = ArrayBasic.SizeConstructor
[==========] Running 1 test from 1 test suite.
[----------] Global test environment set-up.
[----------] 1 test from ArrayBasic
[ RUN      ] ArrayBasic.SizeConstructor
[       OK ] ArrayBasic.SizeConstructor (0 ms)
[----------] 1 test from ArrayBasic (0 ms total)

[----------] Global test environment tear-down
[==========] 1 test from 1 test suite ran. (0 ms total)
[  PASSED  ] 1 test.
<end of output>
Test time =   0.02 sec
----------------------------------------------------------
Test Passed.
"ArrayBasic.SizeConstructor" end time: May 12 00:50 MSK
"ArrayBasic.SizeConstructor" time elapsed: 00:00:00
----------------------------------------------------------

3/27 Testing: ArrayBasic.SizeValueConstructor
3/27 Test: ArrayBasic.SizeValueConstructor
Command: "/mnt/c/Users/Redmi/It-Projects/lab02/lab_templates/build/array_tests" "--gtest_filter=ArrayBasic.SizeValueConstructor" "--gtest_also_run_disabled_tests"
Directory: /mnt/c/Users/Redmi/It-Projects/lab02/lab_templates/build
"ArrayBasic.SizeValueConstructor" start time: May 12 00:50 MSK
Output:
----------------------------------------------------------
Running main() from /mnt/c/Users/Redmi/It-Projects/lab02/lab_templates/build/_deps/googletest-src/googletest/src/gtest_main.cc
Note: Google Test filter = ArrayBasic.SizeValueConstructor
[==========] Running 1 test from 1 test suite.
[----------] Global test environment set-up.
[----------] 1 test from ArrayBasic
[ RUN      ] ArrayBasic.SizeValueConstructor
[       OK ] ArrayBasic.SizeValueConstructor (1 ms)
[----------] 1 test from ArrayBasic (1 ms total)

[----------] Global test environment tear-down
[==========] 1 test from 1 test suite ran. (2 ms total)
[  PASSED  ] 1 test.
<end of output>
Test time =   0.03 sec
----------------------------------------------------------
Test Passed.
"ArrayBasic.SizeValueConstructor" end time: May 12 00:50 MSK
"ArrayBasic.SizeValueConstructor" time elapsed: 00:00:00
----------------------------------------------------------

4/27 Testing: ArrayBasic.SizeZero
4/27 Test: ArrayBasic.SizeZero
Command: "/mnt/c/Users/Redmi/It-Projects/lab02/lab_templates/build/array_tests" "--gtest_filter=ArrayBasic.SizeZero" "--gtest_also_run_disabled_tests"
Directory: /mnt/c/Users/Redmi/It-Projects/lab02/lab_templates/build
"ArrayBasic.SizeZero" start time: May 12 00:50 MSK
Output:
----------------------------------------------------------
Running main() from /mnt/c/Users/Redmi/It-Projects/lab02/lab_templates/build/_deps/googletest-src/googletest/src/gtest_main.cc
Note: Google Test filter = ArrayBasic.SizeZero
[==========] Running 1 test from 1 test suite.
[----------] Global test environment set-up.
[----------] 1 test from ArrayBasic
[ RUN      ] ArrayBasic.SizeZero
[       OK ] ArrayBasic.SizeZero (0 ms)
[----------] 1 test from ArrayBasic (0 ms total)

[----------] Global test environment tear-down
[==========] 1 test from 1 test suite ran. (0 ms total)
[  PASSED  ] 1 test.
<end of output>
Test time =   0.02 sec
----------------------------------------------------------
Test Passed.
"ArrayBasic.SizeZero" end time: May 12 00:50 MSK
"ArrayBasic.SizeZero" time elapsed: 00:00:00
----------------------------------------------------------

5/27 Testing: ArrayAccess.Subscript
5/27 Test: ArrayAccess.Subscript
Command: "/mnt/c/Users/Redmi/It-Projects/lab02/lab_templates/build/array_tests" "--gtest_filter=ArrayAccess.Subscript" "--gtest_also_run_disabled_tests"
Directory: /mnt/c/Users/Redmi/It-Projects/lab02/lab_templates/build
"ArrayAccess.Subscript" start time: May 12 00:50 MSK
Output:
----------------------------------------------------------
Running main() from /mnt/c/Users/Redmi/It-Projects/lab02/lab_templates/build/_deps/googletest-src/googletest/src/gtest_main.cc
Note: Google Test filter = ArrayAccess.Subscript
[==========] Running 1 test from 1 test suite.
[----------] Global test environment set-up.
[----------] 1 test from ArrayAccess
[ RUN      ] ArrayAccess.Subscript
[       OK ] ArrayAccess.Subscript (0 ms)
[----------] 1 test from ArrayAccess (0 ms total)

[----------] Global test environment tear-down
[==========] 1 test from 1 test suite ran. (0 ms total)
[  PASSED  ] 1 test.
<end of output>
Test time =   0.02 sec
----------------------------------------------------------
Test Passed.
"ArrayAccess.Subscript" end time: May 12 00:50 MSK
"ArrayAccess.Subscript" time elapsed: 00:00:00
----------------------------------------------------------

6/27 Testing: ArrayAccess.ConstSubscript
6/27 Test: ArrayAccess.ConstSubscript
Command: "/mnt/c/Users/Redmi/It-Projects/lab02/lab_templates/build/array_tests" "--gtest_filter=ArrayAccess.ConstSubscript" "--gtest_also_run_disabled_tests"
Directory: /mnt/c/Users/Redmi/It-Projects/lab02/lab_templates/build
"ArrayAccess.ConstSubscript" start time: May 12 00:50 MSK
Output:
----------------------------------------------------------
Running main() from /mnt/c/Users/Redmi/It-Projects/lab02/lab_templates/build/_deps/googletest-src/googletest/src/gtest_main.cc
Note: Google Test filter = ArrayAccess.ConstSubscript
[==========] Running 1 test from 1 test suite.
[----------] Global test environment set-up.
[----------] 1 test from ArrayAccess
[ RUN      ] ArrayAccess.ConstSubscript
[       OK ] ArrayAccess.ConstSubscript (0 ms)
[----------] 1 test from ArrayAccess (0 ms total)

[----------] Global test environment tear-down
[==========] 1 test from 1 test suite ran. (0 ms total)
[  PASSED  ] 1 test.
<end of output>
Test time =   0.02 sec
----------------------------------------------------------
Test Passed.
"ArrayAccess.ConstSubscript" end time: May 12 00:50 MSK
"ArrayAccess.ConstSubscript" time elapsed: 00:00:00
----------------------------------------------------------

7/27 Testing: ArrayAccess.FrontBack
7/27 Test: ArrayAccess.FrontBack
Command: "/mnt/c/Users/Redmi/It-Projects/lab02/lab_templates/build/array_tests" "--gtest_filter=ArrayAccess.FrontBack" "--gtest_also_run_disabled_tests"
Directory: /mnt/c/Users/Redmi/It-Projects/lab02/lab_templates/build
"ArrayAccess.FrontBack" start time: May 12 00:50 MSK
Output:
----------------------------------------------------------
Running main() from /mnt/c/Users/Redmi/It-Projects/lab02/lab_templates/build/_deps/googletest-src/googletest/src/gtest_main.cc
Note: Google Test filter = ArrayAccess.FrontBack
[==========] Running 1 test from 1 test suite.
[----------] Global test environment set-up.
[----------] 1 test from ArrayAccess
[ RUN      ] ArrayAccess.FrontBack
[       OK ] ArrayAccess.FrontBack (0 ms)
[----------] 1 test from ArrayAccess (0 ms total)

[----------] Global test environment tear-down
[==========] 1 test from 1 test suite ran. (0 ms total)
[  PASSED  ] 1 test.
<end of output>
Test time =   0.02 sec
----------------------------------------------------------
Test Passed.
"ArrayAccess.FrontBack" end time: May 12 00:50 MSK
"ArrayAccess.FrontBack" time elapsed: 00:00:00
----------------------------------------------------------

8/27 Testing: ArrayAccess.ConstFrontBack
8/27 Test: ArrayAccess.ConstFrontBack
Command: "/mnt/c/Users/Redmi/It-Projects/lab02/lab_templates/build/array_tests" "--gtest_filter=ArrayAccess.ConstFrontBack" "--gtest_also_run_disabled_tests"
Directory: /mnt/c/Users/Redmi/It-Projects/lab02/lab_templates/build
"ArrayAccess.ConstFrontBack" start time: May 12 00:50 MSK
Output:
----------------------------------------------------------
Running main() from /mnt/c/Users/Redmi/It-Projects/lab02/lab_templates/build/_deps/googletest-src/googletest/src/gtest_main.cc
Note: Google Test filter = ArrayAccess.ConstFrontBack
[==========] Running 1 test from 1 test suite.
[----------] Global test environment set-up.
[----------] 1 test from ArrayAccess
[ RUN      ] ArrayAccess.ConstFrontBack
[       OK ] ArrayAccess.ConstFrontBack (0 ms)
[----------] 1 test from ArrayAccess (0 ms total)

[----------] Global test environment tear-down
[==========] 1 test from 1 test suite ran. (0 ms total)
[  PASSED  ] 1 test.
<end of output>
Test time =   0.02 sec
----------------------------------------------------------
Test Passed.
"ArrayAccess.ConstFrontBack" end time: May 12 00:50 MSK
"ArrayAccess.ConstFrontBack" time elapsed: 00:00:00
----------------------------------------------------------

9/27 Testing: ArrayAccess.Data
9/27 Test: ArrayAccess.Data
Command: "/mnt/c/Users/Redmi/It-Projects/lab02/lab_templates/build/array_tests" "--gtest_filter=ArrayAccess.Data" "--gtest_also_run_disabled_tests"
Directory: /mnt/c/Users/Redmi/It-Projects/lab02/lab_templates/build
"ArrayAccess.Data" start time: May 12 00:50 MSK
Output:
----------------------------------------------------------
Running main() from /mnt/c/Users/Redmi/It-Projects/lab02/lab_templates/build/_deps/googletest-src/googletest/src/gtest_main.cc
Note: Google Test filter = ArrayAccess.Data
[==========] Running 1 test from 1 test suite.
[----------] Global test environment set-up.
[----------] 1 test from ArrayAccess
[ RUN      ] ArrayAccess.Data
[       OK ] ArrayAccess.Data (0 ms)
[----------] 1 test from ArrayAccess (0 ms total)

[----------] Global test environment tear-down
[==========] 1 test from 1 test suite ran. (0 ms total)
[  PASSED  ] 1 test.
<end of output>
Test time =   0.03 sec
----------------------------------------------------------
Test Passed.
"ArrayAccess.Data" end time: May 12 00:50 MSK
"ArrayAccess.Data" time elapsed: 00:00:00
----------------------------------------------------------

10/27 Testing: ArrayCopy.CopyConstructor
10/27 Test: ArrayCopy.CopyConstructor
Command: "/mnt/c/Users/Redmi/It-Projects/lab02/lab_templates/build/array_tests" "--gtest_filter=ArrayCopy.CopyConstructor" "--gtest_also_run_disabled_tests"
Directory: /mnt/c/Users/Redmi/It-Projects/lab02/lab_templates/build
"ArrayCopy.CopyConstructor" start time: May 12 00:50 MSK
Output:
----------------------------------------------------------
Running main() from /mnt/c/Users/Redmi/It-Projects/lab02/lab_templates/build/_deps/googletest-src/googletest/src/gtest_main.cc
Note: Google Test filter = ArrayCopy.CopyConstructor
[==========] Running 1 test from 1 test suite.
[----------] Global test environment set-up.
[----------] 1 test from ArrayCopy
[ RUN      ] ArrayCopy.CopyConstructor
[       OK ] ArrayCopy.CopyConstructor (0 ms)
[----------] 1 test from ArrayCopy (0 ms total)

[----------] Global test environment tear-down
[==========] 1 test from 1 test suite ran. (0 ms total)
[  PASSED  ] 1 test.
<end of output>
Test time =   0.03 sec
----------------------------------------------------------
Test Passed.
"ArrayCopy.CopyConstructor" end time: May 12 00:50 MSK
"ArrayCopy.CopyConstructor" time elapsed: 00:00:00
----------------------------------------------------------

11/27 Testing: ArrayCopy.CopyAssignment
11/27 Test: ArrayCopy.CopyAssignment
Command: "/mnt/c/Users/Redmi/It-Projects/lab02/lab_templates/build/array_tests" "--gtest_filter=ArrayCopy.CopyAssignment" "--gtest_also_run_disabled_tests"
Directory: /mnt/c/Users/Redmi/It-Projects/lab02/lab_templates/build
"ArrayCopy.CopyAssignment" start time: May 12 00:50 MSK
Output:
----------------------------------------------------------
Running main() from /mnt/c/Users/Redmi/It-Projects/lab02/lab_templates/build/_deps/googletest-src/googletest/src/gtest_main.cc
Note: Google Test filter = ArrayCopy.CopyAssignment
[==========] Running 1 test from 1 test suite.
[----------] Global test environment set-up.
[----------] 1 test from ArrayCopy
[ RUN      ] ArrayCopy.CopyAssignment
[       OK ] ArrayCopy.CopyAssignment (0 ms)
[----------] 1 test from ArrayCopy (0 ms total)

[----------] Global test environment tear-down
[==========] 1 test from 1 test suite ran. (0 ms total)
[  PASSED  ] 1 test.
<end of output>
Test time =   0.04 sec
----------------------------------------------------------
Test Passed.
"ArrayCopy.CopyAssignment" end time: May 12 00:50 MSK
"ArrayCopy.CopyAssignment" time elapsed: 00:00:00
----------------------------------------------------------

12/27 Testing: ArrayCopy.SelfAssignment
12/27 Test: ArrayCopy.SelfAssignment
Command: "/mnt/c/Users/Redmi/It-Projects/lab02/lab_templates/build/array_tests" "--gtest_filter=ArrayCopy.SelfAssignment" "--gtest_also_run_disabled_tests"
Directory: /mnt/c/Users/Redmi/It-Projects/lab02/lab_templates/build
"ArrayCopy.SelfAssignment" start time: May 12 00:50 MSK
Output:
----------------------------------------------------------
Running main() from /mnt/c/Users/Redmi/It-Projects/lab02/lab_templates/build/_deps/googletest-src/googletest/src/gtest_main.cc
Note: Google Test filter = ArrayCopy.SelfAssignment
[==========] Running 1 test from 1 test suite.
[----------] Global test environment set-up.
[----------] 1 test from ArrayCopy
[ RUN      ] ArrayCopy.SelfAssignment
[       OK ] ArrayCopy.SelfAssignment (0 ms)
[----------] 1 test from ArrayCopy (0 ms total)

[----------] Global test environment tear-down
[==========] 1 test from 1 test suite ran. (0 ms total)
[  PASSED  ] 1 test.
<end of output>
Test time =   0.03 sec
----------------------------------------------------------
Test Passed.
"ArrayCopy.SelfAssignment" end time: May 12 00:50 MSK
"ArrayCopy.SelfAssignment" time elapsed: 00:00:00
----------------------------------------------------------

13/27 Testing: ArrayMove.MoveConstructor
13/27 Test: ArrayMove.MoveConstructor
Command: "/mnt/c/Users/Redmi/It-Projects/lab02/lab_templates/build/array_tests" "--gtest_filter=ArrayMove.MoveConstructor" "--gtest_also_run_disabled_tests"
Directory: /mnt/c/Users/Redmi/It-Projects/lab02/lab_templates/build
"ArrayMove.MoveConstructor" start time: May 12 00:50 MSK
Output:
----------------------------------------------------------
Running main() from /mnt/c/Users/Redmi/It-Projects/lab02/lab_templates/build/_deps/googletest-src/googletest/src/gtest_main.cc
Note: Google Test filter = ArrayMove.MoveConstructor
[==========] Running 1 test from 1 test suite.
[----------] Global test environment set-up.
[----------] 1 test from ArrayMove
[ RUN      ] ArrayMove.MoveConstructor
[       OK ] ArrayMove.MoveConstructor (0 ms)
[----------] 1 test from ArrayMove (0 ms total)

[----------] Global test environment tear-down
[==========] 1 test from 1 test suite ran. (0 ms total)
[  PASSED  ] 1 test.
<end of output>
Test time =   0.02 sec
----------------------------------------------------------
Test Passed.
"ArrayMove.MoveConstructor" end time: May 12 00:50 MSK
"ArrayMove.MoveConstructor" time elapsed: 00:00:00
----------------------------------------------------------

14/27 Testing: ArrayMove.MoveAssignment
14/27 Test: ArrayMove.MoveAssignment
Command: "/mnt/c/Users/Redmi/It-Projects/lab02/lab_templates/build/array_tests" "--gtest_filter=ArrayMove.MoveAssignment" "--gtest_also_run_disabled_tests"
Directory: /mnt/c/Users/Redmi/It-Projects/lab02/lab_templates/build
"ArrayMove.MoveAssignment" start time: May 12 00:50 MSK
Output:
----------------------------------------------------------
Running main() from /mnt/c/Users/Redmi/It-Projects/lab02/lab_templates/build/_deps/googletest-src/googletest/src/gtest_main.cc
Note: Google Test filter = ArrayMove.MoveAssignment
[==========] Running 1 test from 1 test suite.
[----------] Global test environment set-up.
[----------] 1 test from ArrayMove
[ RUN      ] ArrayMove.MoveAssignment
[       OK ] ArrayMove.MoveAssignment (0 ms)
[----------] 1 test from ArrayMove (0 ms total)

[----------] Global test environment tear-down
[==========] 1 test from 1 test suite ran. (0 ms total)
[  PASSED  ] 1 test.
<end of output>
Test time =   0.03 sec
----------------------------------------------------------
Test Passed.
"ArrayMove.MoveAssignment" end time: May 12 00:50 MSK
"ArrayMove.MoveAssignment" time elapsed: 00:00:00
----------------------------------------------------------

15/27 Testing: ArrayOps.Fill
15/27 Test: ArrayOps.Fill
Command: "/mnt/c/Users/Redmi/It-Projects/lab02/lab_templates/build/array_tests" "--gtest_filter=ArrayOps.Fill" "--gtest_also_run_disabled_tests"
Directory: /mnt/c/Users/Redmi/It-Projects/lab02/lab_templates/build
"ArrayOps.Fill" start time: May 12 00:50 MSK
Output:
----------------------------------------------------------
Running main() from /mnt/c/Users/Redmi/It-Projects/lab02/lab_templates/build/_deps/googletest-src/googletest/src/gtest_main.cc
Note: Google Test filter = ArrayOps.Fill
[==========] Running 1 test from 1 test suite.
[----------] Global test environment set-up.
[----------] 1 test from ArrayOps
[ RUN      ] ArrayOps.Fill
[       OK ] ArrayOps.Fill (0 ms)
[----------] 1 test from ArrayOps (0 ms total)

[----------] Global test environment tear-down
[==========] 1 test from 1 test suite ran. (0 ms total)
[  PASSED  ] 1 test.
<end of output>
Test time =   0.02 sec
----------------------------------------------------------
Test Passed.
"ArrayOps.Fill" end time: May 12 00:50 MSK
"ArrayOps.Fill" time elapsed: 00:00:00
----------------------------------------------------------

16/27 Testing: ArrayOps.Swap
16/27 Test: ArrayOps.Swap
Command: "/mnt/c/Users/Redmi/It-Projects/lab02/lab_templates/build/array_tests" "--gtest_filter=ArrayOps.Swap" "--gtest_also_run_disabled_tests"
Directory: /mnt/c/Users/Redmi/It-Projects/lab02/lab_templates/build
"ArrayOps.Swap" start time: May 12 00:50 MSK
Output:
----------------------------------------------------------
Running main() from /mnt/c/Users/Redmi/It-Projects/lab02/lab_templates/build/_deps/googletest-src/googletest/src/gtest_main.cc
Note: Google Test filter = ArrayOps.Swap
[==========] Running 1 test from 1 test suite.
[----------] Global test environment set-up.
[----------] 1 test from ArrayOps
[ RUN      ] ArrayOps.Swap
[       OK ] ArrayOps.Swap (0 ms)
[----------] 1 test from ArrayOps (0 ms total)

[----------] Global test environment tear-down
[==========] 1 test from 1 test suite ran. (0 ms total)
[  PASSED  ] 1 test.
<end of output>
Test time =   0.02 sec
----------------------------------------------------------
Test Passed.
"ArrayOps.Swap" end time: May 12 00:50 MSK
"ArrayOps.Swap" time elapsed: 00:00:00
----------------------------------------------------------

17/27 Testing: ArrayComparison.Equal
17/27 Test: ArrayComparison.Equal
Command: "/mnt/c/Users/Redmi/It-Projects/lab02/lab_templates/build/array_tests" "--gtest_filter=ArrayComparison.Equal" "--gtest_also_run_disabled_tests"
Directory: /mnt/c/Users/Redmi/It-Projects/lab02/lab_templates/build
"ArrayComparison.Equal" start time: May 12 00:50 MSK
Output:
----------------------------------------------------------
Running main() from /mnt/c/Users/Redmi/It-Projects/lab02/lab_templates/build/_deps/googletest-src/googletest/src/gtest_main.cc
Note: Google Test filter = ArrayComparison.Equal
[==========] Running 1 test from 1 test suite.
[----------] Global test environment set-up.
[----------] 1 test from ArrayComparison
[ RUN      ] ArrayComparison.Equal
[       OK ] ArrayComparison.Equal (0 ms)
[----------] 1 test from ArrayComparison (0 ms total)

[----------] Global test environment tear-down
[==========] 1 test from 1 test suite ran. (0 ms total)
[  PASSED  ] 1 test.
<end of output>
Test time =   0.03 sec
----------------------------------------------------------
Test Passed.
"ArrayComparison.Equal" end time: May 12 00:50 MSK
"ArrayComparison.Equal" time elapsed: 00:00:00
----------------------------------------------------------

18/27 Testing: ArrayComparison.NotEqualValues
18/27 Test: ArrayComparison.NotEqualValues
Command: "/mnt/c/Users/Redmi/It-Projects/lab02/lab_templates/build/array_tests" "--gtest_filter=ArrayComparison.NotEqualValues" "--gtest_also_run_disabled_tests"
Directory: /mnt/c/Users/Redmi/It-Projects/lab02/lab_templates/build
"ArrayComparison.NotEqualValues" start time: May 12 00:50 MSK
Output:
----------------------------------------------------------
Running main() from /mnt/c/Users/Redmi/It-Projects/lab02/lab_templates/build/_deps/googletest-src/googletest/src/gtest_main.cc
Note: Google Test filter = ArrayComparison.NotEqualValues
[==========] Running 1 test from 1 test suite.
[----------] Global test environment set-up.
[----------] 1 test from ArrayComparison
[ RUN      ] ArrayComparison.NotEqualValues
[       OK ] ArrayComparison.NotEqualValues (0 ms)
[----------] 1 test from ArrayComparison (0 ms total)

[----------] Global test environment tear-down
[==========] 1 test from 1 test suite ran. (0 ms total)
[  PASSED  ] 1 test.
<end of output>
Test time =   0.02 sec
----------------------------------------------------------
Test Passed.
"ArrayComparison.NotEqualValues" end time: May 12 00:50 MSK
"ArrayComparison.NotEqualValues" time elapsed: 00:00:00
----------------------------------------------------------

19/27 Testing: ArrayComparison.NotEqualSizes
19/27 Test: ArrayComparison.NotEqualSizes
Command: "/mnt/c/Users/Redmi/It-Projects/lab02/lab_templates/build/array_tests" "--gtest_filter=ArrayComparison.NotEqualSizes" "--gtest_also_run_disabled_tests"
Directory: /mnt/c/Users/Redmi/It-Projects/lab02/lab_templates/build
"ArrayComparison.NotEqualSizes" start time: May 12 00:50 MSK
Output:
----------------------------------------------------------
Running main() from /mnt/c/Users/Redmi/It-Projects/lab02/lab_templates/build/_deps/googletest-src/googletest/src/gtest_main.cc
Note: Google Test filter = ArrayComparison.NotEqualSizes
[==========] Running 1 test from 1 test suite.
[----------] Global test environment set-up.
[----------] 1 test from ArrayComparison
[ RUN      ] ArrayComparison.NotEqualSizes
[       OK ] ArrayComparison.NotEqualSizes (0 ms)
[----------] 1 test from ArrayComparison (0 ms total)

[----------] Global test environment tear-down
[==========] 1 test from 1 test suite ran. (0 ms total)
[  PASSED  ] 1 test.
<end of output>
Test time =   0.02 sec
----------------------------------------------------------
Test Passed.
"ArrayComparison.NotEqualSizes" end time: May 12 00:50 MSK
"ArrayComparison.NotEqualSizes" time elapsed: 00:00:00
----------------------------------------------------------

20/27 Testing: ArrayComparison.BothEmpty
20/27 Test: ArrayComparison.BothEmpty
Command: "/mnt/c/Users/Redmi/It-Projects/lab02/lab_templates/build/array_tests" "--gtest_filter=ArrayComparison.BothEmpty" "--gtest_also_run_disabled_tests"
Directory: /mnt/c/Users/Redmi/It-Projects/lab02/lab_templates/build
"ArrayComparison.BothEmpty" start time: May 12 00:50 MSK
Output:
----------------------------------------------------------
Running main() from /mnt/c/Users/Redmi/It-Projects/lab02/lab_templates/build/_deps/googletest-src/googletest/src/gtest_main.cc
Note: Google Test filter = ArrayComparison.BothEmpty
[==========] Running 1 test from 1 test suite.
[----------] Global test environment set-up.
[----------] 1 test from ArrayComparison
[ RUN      ] ArrayComparison.BothEmpty
[       OK ] ArrayComparison.BothEmpty (0 ms)
[----------] 1 test from ArrayComparison (0 ms total)

[----------] Global test environment tear-down
[==========] 1 test from 1 test suite ran. (0 ms total)
[  PASSED  ] 1 test.
<end of output>
Test time =   0.02 sec
----------------------------------------------------------
Test Passed.
"ArrayComparison.BothEmpty" end time: May 12 00:50 MSK
"ArrayComparison.BothEmpty" time elapsed: 00:00:00
----------------------------------------------------------

21/27 Testing: ArrayString.WorksWithStrings
21/27 Test: ArrayString.WorksWithStrings
Command: "/mnt/c/Users/Redmi/It-Projects/lab02/lab_templates/build/array_tests" "--gtest_filter=ArrayString.WorksWithStrings" "--gtest_also_run_disabled_tests"
Directory: /mnt/c/Users/Redmi/It-Projects/lab02/lab_templates/build
"ArrayString.WorksWithStrings" start time: May 12 00:50 MSK
Output:
----------------------------------------------------------
Running main() from /mnt/c/Users/Redmi/It-Projects/lab02/lab_templates/build/_deps/googletest-src/googletest/src/gtest_main.cc
Note: Google Test filter = ArrayString.WorksWithStrings
[==========] Running 1 test from 1 test suite.
[----------] Global test environment set-up.
[----------] 1 test from ArrayString
[ RUN      ] ArrayString.WorksWithStrings
[       OK ] ArrayString.WorksWithStrings (0 ms)
[----------] 1 test from ArrayString (0 ms total)

[----------] Global test environment tear-down
[==========] 1 test from 1 test suite ran. (0 ms total)
[  PASSED  ] 1 test.
<end of output>
Test time =   0.02 sec
----------------------------------------------------------
Test Passed.
"ArrayString.WorksWithStrings" end time: May 12 00:50 MSK
"ArrayString.WorksWithStrings" time elapsed: 00:00:00
----------------------------------------------------------

22/27 Testing: TrackedTest.ArrayDestructor
22/27 Test: TrackedTest.ArrayDestructor
Command: "/mnt/c/Users/Redmi/It-Projects/lab02/lab_templates/build/array_tests" "--gtest_filter=TrackedTest.ArrayDestructor" "--gtest_also_run_disabled_tests"
Directory: /mnt/c/Users/Redmi/It-Projects/lab02/lab_templates/build
"TrackedTest.ArrayDestructor" start time: May 12 00:50 MSK
Output:
----------------------------------------------------------
Running main() from /mnt/c/Users/Redmi/It-Projects/lab02/lab_templates/build/_deps/googletest-src/googletest/src/gtest_main.cc
Note: Google Test filter = TrackedTest.ArrayDestructor
[==========] Running 1 test from 1 test suite.
[----------] Global test environment set-up.
[----------] 1 test from TrackedTest
[ RUN      ] TrackedTest.ArrayDestructor
[       OK ] TrackedTest.ArrayDestructor (0 ms)
[----------] 1 test from TrackedTest (0 ms total)

[----------] Global test environment tear-down
[==========] 1 test from 1 test suite ran. (0 ms total)
[  PASSED  ] 1 test.
<end of output>
Test time =   0.02 sec
----------------------------------------------------------
Test Passed.
"TrackedTest.ArrayDestructor" end time: May 12 00:50 MSK
"TrackedTest.ArrayDestructor" time elapsed: 00:00:00
----------------------------------------------------------

23/27 Testing: TrackedTest.ArrayCopyDeep
23/27 Test: TrackedTest.ArrayCopyDeep
Command: "/mnt/c/Users/Redmi/It-Projects/lab02/lab_templates/build/array_tests" "--gtest_filter=TrackedTest.ArrayCopyDeep" "--gtest_also_run_disabled_tests"
Directory: /mnt/c/Users/Redmi/It-Projects/lab02/lab_templates/build
"TrackedTest.ArrayCopyDeep" start time: May 12 00:50 MSK
Output:
----------------------------------------------------------
Running main() from /mnt/c/Users/Redmi/It-Projects/lab02/lab_templates/build/_deps/googletest-src/googletest/src/gtest_main.cc
Note: Google Test filter = TrackedTest.ArrayCopyDeep
[==========] Running 1 test from 1 test suite.
[----------] Global test environment set-up.
[----------] 1 test from TrackedTest
[ RUN      ] TrackedTest.ArrayCopyDeep
[       OK ] TrackedTest.ArrayCopyDeep (0 ms)
[----------] 1 test from TrackedTest (0 ms total)

[----------] Global test environment tear-down
[==========] 1 test from 1 test suite ran. (0 ms total)
[  PASSED  ] 1 test.
<end of output>
Test time =   0.02 sec
----------------------------------------------------------
Test Passed.
"TrackedTest.ArrayCopyDeep" end time: May 12 00:50 MSK
"TrackedTest.ArrayCopyDeep" time elapsed: 00:00:00
----------------------------------------------------------

24/27 Testing: TrackedTest.ArrayMoveNoLeak
24/27 Test: TrackedTest.ArrayMoveNoLeak
Command: "/mnt/c/Users/Redmi/It-Projects/lab02/lab_templates/build/array_tests" "--gtest_filter=TrackedTest.ArrayMoveNoLeak" "--gtest_also_run_disabled_tests"
Directory: /mnt/c/Users/Redmi/It-Projects/lab02/lab_templates/build
"TrackedTest.ArrayMoveNoLeak" start time: May 12 00:50 MSK
Output:
----------------------------------------------------------
Running main() from /mnt/c/Users/Redmi/It-Projects/lab02/lab_templates/build/_deps/googletest-src/googletest/src/gtest_main.cc
Note: Google Test filter = TrackedTest.ArrayMoveNoLeak
[==========] Running 1 test from 1 test suite.
[----------] Global test environment set-up.
[----------] 1 test from TrackedTest
[ RUN      ] TrackedTest.ArrayMoveNoLeak
[       OK ] TrackedTest.ArrayMoveNoLeak (0 ms)
[----------] 1 test from TrackedTest (0 ms total)

[----------] Global test environment tear-down
[==========] 1 test from 1 test suite ran. (0 ms total)
[  PASSED  ] 1 test.
<end of output>
Test time =   0.02 sec
----------------------------------------------------------
Test Passed.
"TrackedTest.ArrayMoveNoLeak" end time: May 12 00:50 MSK
"TrackedTest.ArrayMoveNoLeak" time elapsed: 00:00:00
----------------------------------------------------------

25/27 Testing: TrackedTest.ArrayReassignNoLeak
25/27 Test: TrackedTest.ArrayReassignNoLeak
Command: "/mnt/c/Users/Redmi/It-Projects/lab02/lab_templates/build/array_tests" "--gtest_filter=TrackedTest.ArrayReassignNoLeak" "--gtest_also_run_disabled_tests"
Directory: /mnt/c/Users/Redmi/It-Projects/lab02/lab_templates/build
"TrackedTest.ArrayReassignNoLeak" start time: May 12 00:50 MSK
Output:
----------------------------------------------------------
Running main() from /mnt/c/Users/Redmi/It-Projects/lab02/lab_templates/build/_deps/googletest-src/googletest/src/gtest_main.cc
Note: Google Test filter = TrackedTest.ArrayReassignNoLeak
[==========] Running 1 test from 1 test suite.
[----------] Global test environment set-up.
[----------] 1 test from TrackedTest
[ RUN      ] TrackedTest.ArrayReassignNoLeak
[       OK ] TrackedTest.ArrayReassignNoLeak (0 ms)
[----------] 1 test from TrackedTest (0 ms total)

[----------] Global test environment tear-down
[==========] 1 test from 1 test suite ran. (0 ms total)
[  PASSED  ] 1 test.
<end of output>
Test time =   0.03 sec
----------------------------------------------------------
Test Passed.
"TrackedTest.ArrayReassignNoLeak" end time: May 12 00:50 MSK
"TrackedTest.ArrayReassignNoLeak" time elapsed: 00:00:00
----------------------------------------------------------

Unable to find executable: optional_tests_NOT_BUILT
26/27 Testing: optional_tests_NOT_BUILT
26/27 Test: optional_tests_NOT_BUILT
Command: ""
Directory: /mnt/c/Users/Redmi/It-Projects/lab02/lab_templates/build
"optional_tests_NOT_BUILT" start time: 
Output:
----------------------------------------------------------
<end of output>
Test time =   0.00 sec
----------------------------------------------------------
Test Passed.
"optional_tests_NOT_BUILT" end time: May 12 00:50 MSK
"optional_tests_NOT_BUILT" time elapsed: 00:00:00
----------------------------------------------------------

Unable to find executable: unique_ptr_tests_NOT_BUILT
27/27 Testing: unique_ptr_tests_NOT_BUILT
27/27 Test: unique_ptr_tests_NOT_BUILT
Command: ""
Directory: /mnt/c/Users/Redmi/It-Projects/lab02/lab_templates/build
"unique_ptr_tests_NOT_BUILT" start time: 
Output:
----------------------------------------------------------
<end of output>
Test time =   0.00 sec
----------------------------------------------------------
Test Passed.
"unique_ptr_tests_NOT_BUILT" end time: May 12 00:50 MSK
"unique_ptr_tests_NOT_BUILT" time elapsed: 00:00:00
----------------------------------------------------------

End testing: May 12 00:50 MSK
